# JRE version: OpenJDK Runtime Environment (8.0_152-b06) (build 1.8.0_152-release-1136-b06)
# Java VM: OpenJDK 64-Bit Server VM (25.152-b06 mixed mode windows-amd64 compressed oops)
Heap:
 PSYoungGen      total 446464K, used 385220K [0x00000000e0000000, 0x0000000100000000, 0x0000000100000000)
  eden space 368640K, 83% used [0x00000000e0000000,0x00000000f2c35760,0x00000000f6800000)
  from space 77824K, 99% used [0x00000000f6800000,0x00000000fb3fbbc8,0x00000000fb400000)
  to   space 77824K, 0% used [0x00000000fb400000,0x00000000fb400000,0x0000000100000000)
 ParOldGen       total 440832K, used 249101K [0x00000000a0000000, 0x00000000bae80000, 0x00000000e0000000)
  object space 440832K, 56% used [0x00000000a0000000,0x00000000af343558,0x00000000bae80000)
 Metaspace       used 126958K, capacity 135112K, committed 135640K, reserved 1167360K
  class space    used 15367K, capacity 16874K, committed 17152K, reserved 1048576K
GC Heap History (10 events):
Event: 4563.065 GC heap before
{Heap before GC invocations=124 (full 7):
 PSYoungGen      total 443904K, used 370758K [0x00000000e0000000, 0x00000000ffc80000, 0x0000000100000000)
  eden space 371200K, 99% used [0x00000000e0000000,0x00000000f69e18f0,0x00000000f6a80000)
  from space 72704K, 0% used [0x00000000fb580000,0x00000000fb5b0000,0x00000000ffc80000)
  to   space 74752K, 0% used [0x00000000f6a80000,0x00000000f6a80000,0x00000000fb380000)
 ParOldGen       total 440832K, used 224425K [0x00000000a0000000, 0x00000000bae80000, 0x00000000e0000000)
  object space 440832K, 50% used [0x00000000a0000000,0x00000000adb2a768,0x00000000bae80000)
 Metaspace       used 124435K, capacity 131980K, committed 132824K, reserved 1165312K
  class space    used 15062K, capacity 16488K, committed 16896K, reserved 1048576K
Event: 4563.069 GC heap after
Heap after GC invocations=124 (full 7):
 PSYoungGen      total 445952K, used 192K [0x00000000e0000000, 0x0000000100000000, 0x0000000100000000)
  eden space 371200K, 0% used [0x00000000e0000000,0x00000000e0000000,0x00000000f6a80000)
  from space 74752K, 0% used [0x00000000f6a80000,0x00000000f6ab0000,0x00000000fb380000)
  to   space 73728K, 0% used [0x00000000fb800000,0x00000000fb800000,0x0000000100000000)
 ParOldGen       total 440832K, used 224481K [0x00000000a0000000, 0x00000000bae80000, 0x00000000e0000000)
  object space 440832K, 50% used [0x00000000a0000000,0x00000000adb38768,0x00000000bae80000)
 Metaspace       used 124435K, capacity 131980K, committed 132824K, reserved 1165312K
  class space    used 15062K, capacity 16488K, committed 16896K, reserved 1048576K
}
Event: 4768.285 GC heap before
{Heap before GC invocations=125 (full 7):
 PSYoungGen      total 445952K, used 371392K [0x00000000e0000000, 0x0000000100000000, 0x0000000100000000)
  eden space 371200K, 100% used [0x00000000e0000000,0x00000000f6a80000,0x00000000f6a80000)
  from space 74752K, 0% used [0x00000000f6a80000,0x00000000f6ab0000,0x00000000fb380000)
  to   space 73728K, 0% used [0x00000000fb800000,0x00000000fb800000,0x0000000100000000)
 ParOldGen       total 440832K, used 224481K [0x00000000a0000000, 0x00000000bae80000, 0x00000000e0000000)
  object space 440832K, 50% used [0x00000000a0000000,0x00000000adb38768,0x00000000bae80000)
 Metaspace       used 125554K, capacity 133226K, committed 133976K, reserved 1167360K
  class space    used 15224K, capacity 16667K, committed 17024K, reserved 1048576K
Event: 4768.295 GC heap after
Heap after GC invocations=125 (full 7):
 PSYoungGen      total 442368K, used 8820K [0x00000000e0000000, 0x00000000ff900000, 0x0000000100000000)
  eden space 375808K, 0% used [0x00000000e0000000,0x00000000e0000000,0x00000000f6f00000)
  from space 66560K, 13% used [0x00000000fb800000,0x00000000fc09d0f0,0x00000000ff900000)
  to   space 70656K, 0% used [0x00000000f6f00000,0x00000000f6f00000,0x00000000fb400000)
 ParOldGen       total 440832K, used 224537K [0x00000000a0000000, 0x00000000bae80000, 0x00000000e0000000)
  object space 440832K, 50% used [0x00000000a0000000,0x00000000adb46768,0x00000000bae80000)
 Metaspace       used 125554K, capacity 133226K, committed 133976K, reserved 1167360K
  class space    used 15224K, capacity 16667K, committed 17024K, reserved 1048576K
}
Event: 5875.694 GC heap before
{Heap before GC invocations=126 (full 7):
 PSYoungGen      total 442368K, used 384628K [0x00000000e0000000, 0x00000000ff900000, 0x0000000100000000)
  eden space 375808K, 100% used [0x00000000e0000000,0x00000000f6f00000,0x00000000f6f00000)
  from space 66560K, 13% used [0x00000000fb800000,0x00000000fc09d0f0,0x00000000ff900000)
  to   space 70656K, 0% used [0x00000000f6f00000,0x00000000f6f00000,0x00000000fb400000)
 ParOldGen       total 440832K, used 224537K [0x00000000a0000000, 0x00000000bae80000, 0x00000000e0000000)
  object space 440832K, 50% used [0x00000000a0000000,0x00000000adb46768,0x00000000bae80000)
 Metaspace       used 125861K, capacity 133622K, committed 134232K, reserved 1167360K
  class space    used 15246K, capacity 16701K, committed 17024K, reserved 1048576K
Event: 5875.704 GC heap after
Heap after GC invocations=126 (full 7):
 PSYoungGen      total 446464K, used 4872K [0x00000000e0000000, 0x00000000fff00000, 0x0000000100000000)
  eden space 375808K, 0% used [0x00000000e0000000,0x00000000e0000000,0x00000000f6f00000)
  from space 70656K, 6% used [0x00000000f6f00000,0x00000000f73c2148,0x00000000fb400000)
  to   space 68096K, 0% used [0x00000000fbc80000,0x00000000fbc80000,0x00000000fff00000)
 ParOldGen       total 440832K, used 225391K [0x00000000a0000000, 0x00000000bae80000, 0x00000000e0000000)
  object space 440832K, 51% used [0x00000000a0000000,0x00000000adc1bda0,0x00000000bae80000)
 Metaspace       used 125861K, capacity 133622K, committed 134232K, reserved 1167360K
  class space    used 15246K, capacity 16701K, committed 17024K, reserved 1048576K
}
Event: 5885.957 GC heap before
{Heap before GC invocations=127 (full 7):
 PSYoungGen      total 446464K, used 380680K [0x00000000e0000000, 0x00000000fff00000, 0x0000000100000000)
  eden space 375808K, 100% used [0x00000000e0000000,0x00000000f6f00000,0x00000000f6f00000)
  from space 70656K, 6% used [0x00000000f6f00000,0x00000000f73c2148,0x00000000fb400000)
  to   space 68096K, 0% used [0x00000000fbc80000,0x00000000fbc80000,0x00000000fff00000)
 ParOldGen       total 440832K, used 225391K [0x00000000a0000000, 0x00000000bae80000, 0x00000000e0000000)
  object space 440832K, 51% used [0x00000000a0000000,0x00000000adc1bda0,0x00000000bae80000)
 Metaspace       used 126780K, capacity 134820K, committed 135256K, reserved 1167360K
  class space    used 15347K, capacity 16842K, committed 17024K, reserved 1048576K
Event: 5885.986 GC heap after
Heap after GC invocations=127 (full 7):
 PSYoungGen      total 436736K, used 57624K [0x00000000e0000000, 0x0000000100000000, 0x0000000100000000)
  eden space 368640K, 0% used [0x00000000e0000000,0x00000000e0000000,0x00000000f6800000)
  from space 68096K, 84% used [0x00000000fbc80000,0x00000000ff4c6130,0x00000000fff00000)
  to   space 77824K, 0% used [0x00000000f6800000,0x00000000f6800000,0x00000000fb400000)
 ParOldGen       total 440832K, used 225835K [0x00000000a0000000, 0x00000000bae80000, 0x00000000e0000000)
  object space 440832K, 51% used [0x00000000a0000000,0x00000000adc8ae50,0x00000000bae80000)
 Metaspace       used 126780K, capacity 134820K, committed 135256K, reserved 1167360K
  class space    used 15347K, capacity 16842K, committed 17024K, reserved 1048576K
}
Event: 5893.708 GC heap before
{Heap before GC invocations=128 (full 7):
 PSYoungGen      total 436736K, used 426264K [0x00000000e0000000, 0x0000000100000000, 0x0000000100000000)
  eden space 368640K, 100% used [0x00000000e0000000,0x00000000f6800000,0x00000000f6800000)
  from space 68096K, 84% used [0x00000000fbc80000,0x00000000ff4c6130,0x00000000fff00000)
  to   space 77824K, 0% used [0x00000000f6800000,0x00000000f6800000,0x00000000fb400000)
 ParOldGen       total 440832K, used 225835K [0x00000000a0000000, 0x00000000bae80000, 0x00000000e0000000)
  object space 440832K, 51% used [0x00000000a0000000,0x00000000adc8ae50,0x00000000bae80000)
 Metaspace       used 126892K, capacity 134970K, committed 135384K, reserved 1167360K
  class space    used 15360K, capacity 16861K, committed 17152K, reserved 1048576K
Event: 5893.803 GC heap after
Heap after GC invocations=128 (full 7):
 PSYoungGen      total 446464K, used 77806K [0x00000000e0000000, 0x0000000100000000, 0x0000000100000000)
  eden space 368640K, 0% used [0x00000000e0000000,0x00000000e0000000,0x00000000f6800000)
  from space 77824K, 99% used [0x00000000f6800000,0x00000000fb3fbbc8,0x00000000fb400000)
  to   space 77824K, 0% used [0x00000000fb400000,0x00000000fb400000,0x0000000100000000)
 ParOldGen       total 440832K, used 249101K [0x00000000a0000000, 0x00000000bae80000, 0x00000000e0000000)
  object space 440832K, 56% used [0x00000000a0000000,0x00000000af343558,0x00000000bae80000)
 Metaspace       used 126892K, capacity 134970K, committed 135384K, reserved 1167360K
  class space    used 15360K, capacity 16861K, committed 17152K, reserved 1048576K
}

